Arguments: 
  C:\Program Files (x86)\nodejs\node.exe C:\Users\Gibril\AppData\Roaming\npm\node_modules\yarn\bin\yarn.js add express express-async-handler mongoose bcryptjs jsonwebtoken

PATH: 
  C:\WINDOWS\system32;C:\WINDOWS;C:\WINDOWS\System32\Wbem;C:\WINDOWS\System32\WindowsPowerShell\v1.0\;C:\Program Files (x86)\nodejs\;C:\WINDOWS\System32\OpenSSH\;C:\Program Files\Docker\Docker\resources\bin;C:\Program Files\Git\cmd;C:\ProgramData\chocolatey\bin;C:\Users\Gibril\AppData\Local\Programs\Python\Python311\Scripts\;C:\Users\Gibril\AppData\Local\Programs\Python\Python311\;C:\Users\Gibril\AppData\Local\Programs\Microsoft VS Code\bin;C:\Users\Gibril\AppData\Roaming\npm;%USERPROFILE%\AppData\Local\Microsoft\WindowsApps;

Yarn version: 
  1.22.19

Node version: 
  18.16.0

Platform: 
  win32 ia32

Trace: 
  Error [ERR_TLS_CERT_ALTNAME_INVALID]: Hostname/IP does not match certificate's altnames: Host: registry.yarnpkg.com. is not in the cert's altnames: DNS:cloudghana.com, DNS:www.cloudghana.com
      at new NodeError (node:internal/errors:399:5)
      at Object.checkServerIdentity (node:tls:337:12)
      at TLSSocket.onConnectSecure (node:_tls_wrap:1550:27)
      at TLSSocket.emit (node:events:513:28)
      at TLSSocket._finishInit (node:_tls_wrap:959:8)
      at ssl.onhandshakedone (node:_tls_wrap:743:12)

npm manifest: 
  {
    "name": "authService",
    "version": "1.0.0",
    "description": "Handles Registration and Login of Users",
    "main": "authservice.js",
    "author": "Gibril Issaka Idrisu",
    "license": "MIT"
  }

yarn manifest: 
  No manifest

Lockfile: 
  No lockfile
